<?xml version="1.0" encoding="UTF-8"?>
<testsuite name="WordTest" tests="9" skipped="0" failures="0" errors="0" timestamp="2016-04-29T17:07:19" hostname="Justins-MacBook-Pro.local" time="0.009">
  <properties/>
  <testcase name="clear_emptiesAllWordsFromList_0" classname="WordTest" time="0.0"/>
  <testcase name="addDefinition_addsDefinitionToList_true" classname="WordTest" time="0.0"/>
  <testcase name="getTasks_initiallyReturnsEmptyList_ArrayList" classname="WordTest" time="0.001"/>
  <testcase name="find_returnsWordWithSameId_wordTwo" classname="WordTest" time="0.001"/>
  <testcase name="find_returnsNullWhenNoWordFound_null" classname="WordTest" time="0.001"/>
  <testcase name="getWord_wordInstantiatesWithWord_code" classname="WordTest" time="0.001"/>
  <testcase name="getId_wordInstantiateWithAnId_1" classname="WordTest" time="0.001"/>
  <testcase name="all_returnsAllInstancesOfWord_true" classname="WordTest" time="0.001"/>
  <testcase name="word_instantiatesCorrectly_true" classname="WordTest" time="0.0"/>
  <system-out><![CDATA[]]></system-out>
  <system-err><![CDATA[]]></system-err>
</testsuite>
